[2021-04-04T20:24:33.149144+00:00] app.DEBUG: action is not set, value: / [] []
[2021-04-04T20:24:35.014062+00:00] app.DEBUG: action is not set, value: /about [] []
[2021-04-04T20:24:35.811940+00:00] app.DEBUG: action is not set, value: / [] []
[2021-04-04T20:35:39.193612+00:00] app.DEBUG: action is not set, value: / [] []
[2021-04-04T20:36:17.763134+00:00] app.DEBUG: action is not set, value: / [] []
[2021-04-04T20:36:20.040001+00:00] app.DEBUG: action is not set, value: /about [] []
[2021-04-04T20:36:21.398863+00:00] app.DEBUG: action is not set, value: /register [] []
[2021-04-04T20:36:26.175956+00:00] app.DEBUG: action is set, value: registerNewUser [] []
[2021-04-04T20:36:26.178565+00:00] app.DEBUG: inside switch case: registerNewUser [] []
[2021-04-04T20:39:19.462178+00:00] app.DEBUG: action is not set, value: /register [] []
[2021-04-04T20:39:20.853549+00:00] app.DEBUG: action is not set, value: / [] []
[2021-04-04T20:39:21.704712+00:00] app.DEBUG: action is not set, value: /about [] []
[2021-04-04T20:39:22.835494+00:00] app.DEBUG: action is not set, value: /register [] []
[2021-04-04T20:39:24.371212+00:00] app.DEBUG: action is set, value: registerNewUser [] []
[2021-04-04T20:39:24.372718+00:00] app.DEBUG: inside switch case: registerNewUser [] []
[2021-04-04T20:39:57.089006+00:00] app.DEBUG: action is not set, value: /register [] []
[2021-04-04T20:39:58.757288+00:00] app.DEBUG: action is not set, value: /about [] []
[2021-04-04T20:39:59.967695+00:00] app.DEBUG: action is not set, value: /register [] []
[2021-04-04T20:40:01.331887+00:00] app.DEBUG: action is set, value: registerNewUser [] []
[2021-04-04T20:40:01.341630+00:00] app.DEBUG: inside switch case: registerNewUser [] []
[2021-04-04T20:40:10.976697+00:00] app.DEBUG: action is not set, value: /register [] []
[2021-04-04T20:41:25.598179+00:00] app.DEBUG: action is not set, value: /register [] []
[2021-04-04T20:41:27.682126+00:00] app.DEBUG: action is set, value: registerNewUser [] []
[2021-04-04T20:41:27.684262+00:00] app.DEBUG: inside switch case: registerNewUser [] []
[2021-04-04T20:41:37.579207+00:00] app.DEBUG: action is not set, value: /register [] []
[2021-04-04T20:41:39.189901+00:00] app.DEBUG: action is not set, value: /register [] []
[2021-04-04T20:41:40.523664+00:00] app.DEBUG: action is set, value: registerNewUser [] []
[2021-04-04T20:41:40.526053+00:00] app.DEBUG: inside switch case: registerNewUser [] []
[2021-04-04T20:41:40.561921+00:00] app.DEBUG: action is not set, value: /testing-register [] []
